<?xml version="1.0" encoding="UTF-8"?>
<!-- Generated by org.testng.reporters.JUnitXMLReporter -->
<testsuite hostname="Johnny" ignored="0" name="testngTest" tests="2" failures="1" timestamp="30 Oct 2020 19:39:11 GMT" time="34.365" errors="0">
  <testcase name="testSpaceXEndpoint" time="3.13" classname="com.sample.maven.mvntest.tests"/>
  <testcase name="testTimer" time="31.193" classname="com.sample.maven.mvntest.tests">
    <failure type="java.lang.AssertionError" message="The following asserts failed:
	The countdown decrement is not happening at an interval of 1 second expected [true] but found [false]">
      <![CDATA[java.lang.AssertionError: The following asserts failed:
	The countdown decrement is not happening at an interval of 1 second expected [true] but found [false]
	at com.sample.maven.mvntest.tests.testTimer(tests.java:154)
	at java.util.concurrent.FutureTask.run(FutureTask.java:266)
	at java.util.concurrent.ThreadPoolExecutor.runWorker(ThreadPoolExecutor.java:1149)
	at java.util.concurrent.ThreadPoolExecutor$Worker.run(ThreadPoolExecutor.java:624)
	at java.lang.Thread.run(Thread.java:748)
... Removed 17 stack frames]]>
    </failure>
  </testcase> <!-- testTimer -->
</testsuite> <!-- testngTest -->
