<?xml version="1.0" encoding="UTF-8"?>
<testng-results skipped="0" failed="1" ignored="0" total="2" passed="1">
  <reporter-output>
    <line>
      <![CDATA[Inside testSpaceXEndpoint test]]>
    </line>
    <line>
      <![CDATA[Response Status - 200]]>
    </line>
    <line>
      <![CDATA[Response time - 7]]>
    </line>
  </reporter-output>
  <suite name="Suite1" duration-ms="34365" started-at="2020-10-30T19:38:37Z" finished-at="2020-10-30T19:39:11Z">
    <groups>
    </groups>
    <test name="testngTest" duration-ms="34365" started-at="2020-10-30T19:38:37Z" finished-at="2020-10-30T19:39:11Z">
      <class name="com.sample.maven.mvntest.tests">
        <test-method status="PASS" signature="beforeSuite()[pri:0, instance:com.sample.maven.mvntest.tests@64cee07]" name="beforeSuite" is-config="true" duration-ms="5449" started-at="2020-10-31T01:08:31Z" finished-at="2020-10-31T01:08:37Z">
          <reporter-output>
          </reporter-output>
        </test-method> <!-- beforeSuite -->
        <test-method status="PASS" signature="beforeTest()[pri:0, instance:com.sample.maven.mvntest.tests@64cee07]" name="beforeTest" is-config="true" duration-ms="1" started-at="2020-10-31T01:08:37Z" finished-at="2020-10-31T01:08:37Z">
          <reporter-output>
          </reporter-output>
        </test-method> <!-- beforeTest -->
        <test-method status="PASS" signature="beforeClass()[pri:0, instance:com.sample.maven.mvntest.tests@64cee07]" name="beforeClass" is-config="true" duration-ms="0" started-at="2020-10-31T01:08:37Z" finished-at="2020-10-31T01:08:37Z">
          <reporter-output>
          </reporter-output>
        </test-method> <!-- beforeClass -->
        <test-method status="PASS" signature="beforeMethod()[pri:0, instance:com.sample.maven.mvntest.tests@64cee07]" name="beforeMethod" is-config="true" duration-ms="0" started-at="2020-10-31T01:08:37Z" finished-at="2020-10-31T01:08:37Z">
          <reporter-output>
          </reporter-output>
        </test-method> <!-- beforeMethod -->
        <test-method status="PASS" signature="testSpaceXEndpoint()[pri:0, instance:com.sample.maven.mvntest.tests@64cee07]" name="testSpaceXEndpoint" duration-ms="3130" started-at="2020-10-31T01:08:37Z" finished-at="2020-10-31T01:08:40Z">
          <reporter-output>
            <line>
              <![CDATA[Inside testSpaceXEndpoint test]]>
            </line>
            <line>
              <![CDATA[Response Status - 200]]>
            </line>
            <line>
              <![CDATA[Response time - 7]]>
            </line>
          </reporter-output>
        </test-method> <!-- testSpaceXEndpoint -->
        <test-method status="PASS" signature="AfterMethod()[pri:0, instance:com.sample.maven.mvntest.tests@64cee07]" name="AfterMethod" is-config="true" duration-ms="4" started-at="2020-10-31T01:08:40Z" finished-at="2020-10-31T01:08:40Z">
          <reporter-output>
          </reporter-output>
        </test-method> <!-- AfterMethod -->
        <test-method status="PASS" signature="beforeMethod()[pri:0, instance:com.sample.maven.mvntest.tests@64cee07]" name="beforeMethod" is-config="true" duration-ms="1" started-at="2020-10-31T01:08:40Z" finished-at="2020-10-31T01:08:40Z">
          <reporter-output>
          </reporter-output>
        </test-method> <!-- beforeMethod -->
        <test-method status="FAIL" signature="testTimer(java.lang.String)[pri:0, instance:com.sample.maven.mvntest.tests@64cee07]" name="testTimer" duration-ms="31193" started-at="2020-10-31T01:08:40Z" finished-at="2020-10-31T01:09:11Z">
          <params>
            <param index="0">
              <value>
                <![CDATA[25]]>
              </value>
            </param>
          </params>
          <exception class="java.lang.AssertionError">
            <message>
              <![CDATA[The following asserts failed:
	The countdown decrement is not happening at an interval of 1 second expected [true] but found [false]]]>
            </message>
            <full-stacktrace>
              <![CDATA[java.lang.AssertionError: The following asserts failed:
	The countdown decrement is not happening at an interval of 1 second expected [true] but found [false]
	at org.testng.asserts.SoftAssert.assertAll(SoftAssert.java:43)
	at com.sample.maven.mvntest.tests.testTimer(tests.java:154)
	at sun.reflect.NativeMethodAccessorImpl.invoke0(Native Method)
	at sun.reflect.NativeMethodAccessorImpl.invoke(NativeMethodAccessorImpl.java:62)
	at sun.reflect.DelegatingMethodAccessorImpl.invoke(DelegatingMethodAccessorImpl.java:43)
	at java.lang.reflect.Method.invoke(Method.java:498)
	at org.testng.internal.MethodInvocationHelper.invokeMethod(MethodInvocationHelper.java:108)
	at org.testng.internal.Invoker.invokeMethod(Invoker.java:661)
	at org.testng.internal.Invoker.invokeTestMethod(Invoker.java:869)
	at org.testng.internal.Invoker.invokeTestMethods(Invoker.java:1193)
	at org.testng.internal.TestMethodWorker.invokeTestMethods(TestMethodWorker.java:126)
	at org.testng.internal.TestMethodWorker.run(TestMethodWorker.java:109)
	at org.testng.TestRunner.privateRun(TestRunner.java:744)
	at org.testng.TestRunner.run(TestRunner.java:602)
	at org.testng.SuiteRunner.runTest(SuiteRunner.java:380)
	at org.testng.SuiteRunner.access$000(SuiteRunner.java:39)
	at org.testng.SuiteRunner$SuiteWorker.run(SuiteRunner.java:414)
	at org.testng.internal.thread.ThreadUtil$1.call(ThreadUtil.java:52)
	at java.util.concurrent.FutureTask.run(FutureTask.java:266)
	at java.util.concurrent.ThreadPoolExecutor.runWorker(ThreadPoolExecutor.java:1149)
	at java.util.concurrent.ThreadPoolExecutor$Worker.run(ThreadPoolExecutor.java:624)
	at java.lang.Thread.run(Thread.java:748)
]]>
            </full-stacktrace>
          </exception> <!-- java.lang.AssertionError -->
          <reporter-output>
          </reporter-output>
        </test-method> <!-- testTimer -->
        <test-method status="PASS" signature="AfterMethod()[pri:0, instance:com.sample.maven.mvntest.tests@64cee07]" name="AfterMethod" is-config="true" duration-ms="2" started-at="2020-10-31T01:09:11Z" finished-at="2020-10-31T01:09:11Z">
          <reporter-output>
          </reporter-output>
        </test-method> <!-- AfterMethod -->
        <test-method status="PASS" signature="afterClass()[pri:0, instance:com.sample.maven.mvntest.tests@64cee07]" name="afterClass" is-config="true" duration-ms="0" started-at="2020-10-31T01:09:11Z" finished-at="2020-10-31T01:09:11Z">
          <reporter-output>
          </reporter-output>
        </test-method> <!-- afterClass -->
        <test-method status="PASS" signature="afterTest()[pri:0, instance:com.sample.maven.mvntest.tests@64cee07]" name="afterTest" is-config="true" duration-ms="1" started-at="2020-10-31T01:09:11Z" finished-at="2020-10-31T01:09:11Z">
          <reporter-output>
          </reporter-output>
        </test-method> <!-- afterTest -->
        <test-method status="PASS" signature="afterSuite()[pri:0, instance:com.sample.maven.mvntest.tests@64cee07]" name="afterSuite" is-config="true" duration-ms="676" started-at="2020-10-31T01:09:11Z" finished-at="2020-10-31T01:09:12Z">
          <reporter-output>
          </reporter-output>
        </test-method> <!-- afterSuite -->
      </class> <!-- com.sample.maven.mvntest.tests -->
    </test> <!-- testngTest -->
  </suite> <!-- Suite1 -->
</testng-results>
